<?xml version="1.0" encoding="UTF-8"?>
<!-- Generated by org.testng.reporters.JUnitReportReporter -->
<testsuite hostname="LAPTOP-LT8QHS42" failures="0" tests="1" name="web.all.exec" time="324.405" errors="1" timestamp="2020-09-08T17:34:26 CEST" skipped="0">
  <testcase classname="web.all.exec" name="testMain" time="324.405">
    <error/>
  </testcase> <!-- testMain -->
  <system-out>
- Subscript init (web.all.exec:0) -> {"called":"web.all.domains","iteration":"1/5","type":"dataFile","url":"C:\\Users\\Agilitest\\Documents\\GitHub\\ats_test_technical\\target\\classes\\assets\\WebParameters.csv","parameters":[{"p0":"firefox"},{"p1":"http://www.agilitest.com/fichiers/test.html"},{"p2":"msedge"},{"p3":"https://www.w3schools.com/html/html5_draganddrop.asp"}]} - Subscript init (web.all.domains:0) -> {"called":"web.all.channel.StartChannel","iteration":"1/1","type":"loop","parameters":[{"p0":"firefox"}]} - Subscript init (web.all.domains:1) -> {"called":"web.all.channel.SwitchChannel","iteration":"1/1","type":"loop","parameters":[{"p0":"firefox"},{"p1":"msedge"}]} - Subscript init (web.all.domains:2) -> {"called":"web.all.check.Occurence","iteration":"1/1","type":"loop","parameters":[{"p0":"firefox"},{"p1":"http://www.agilitest.com/fichiers/test.html"}]} - Subscript init (web.all.domains:3) -> {"called":"web.all.check.Property","iteration":"1/1","type":"loop","parameters":[{"p0":"firefox"},{"p1":"http://www.agilitest.com/fichiers/test.html"}]} - Subscript init (web.all.domains:4) -> {"called":"web.all.check.Value","iteration":"1/1","type":"loop","parameters":[{"p0":"firefox"},{"p1":"http://www.agilitest.com/fichiers/test.html"}]} - Subscript init (web.all.domains:7) -> {"called":"web.all.mouse.DragDrop","iteration":"1/1","type":"loop","parameters":[{"p0":"firefox"}]} - Subscript init (web.all.domains:8) -> {"called":"web.all.mouse.LeftClick","iteration":"1/1","type":"loop","parameters":[{"p0":"firefox"},{"p1":"http://www.agilitest.com/fichiers/test.html"}]} - Subscript init (web.all.domains:9) -> {"called":"web.all.mouse.Over","iteration":"1/1","type":"loop","parameters":[{"p0":"firefox"},{"p1":"http://www.agilitest.com/fichiers/test.html"}]} - Subscript init (web.all.domains:10) -> {"called":"web.all.mouse.RightClick","iteration":"1/1","type":"loop","parameters":[{"p0":"firefox"},{"p1":"http://www.agilitest.com/fichiers/test.html"}]} - Subscript init (web.all.domains:11) -> {"called":"web.all.mouse.Scroll","iteration":"1/1","type":"loop","parameters":[{"p0":"firefox"},{"p1":"http://www.agilitest.com/fichiers/test.html"}]} - Subscript init (web.all.domains:12) -> {"called":"web.all.mouse.Swipe","iteration":"1/1","type":"loop","parameters":[{"p0":"firefox"}]} - Subscript init (web.all.domains:13) -> {"called":"web.all.mouse.WheelClick","iteration":"1/1","type":"loop","parameters":[{"p0":"firefox"}]} - Subscript init (web.all.domains:14) -> {"called":"web.all.navigation.GoToURL","iteration":"1/1","type":"loop","parameters":[{"p0":"firefox"},{"p1":"http://www.agilitest.com/fichiers/test.html"}]} - Subscript init (web.all.domains:15) -> {"called":"web.all.other.Scripting","iteration":"1/1","type":"loop","parameters":[{"p0":"firefox"},{"p1":"http://www.agilitest.com/fichiers/test.html"}]} - Subscript init (web.all.domains:16) -> {"called":"web.all.other.Select","iteration":"1/1","type":"loop","parameters":[{"p0":"firefox"},{"p1":"http://www.agilitest.com/fichiers/test.html"}]} - Subscript init (web.all.domains:17) -> {"called":"web.all.property.GetProperty","iteration":"1/1","type":"loop","parameters":[{"p0":"firefox"},{"p1":"http://www.agilitest.com/fichiers/test.html"}]} - Subscript init (web.all.domains:18) -> {"called":"web.all.text.Enter","iteration":"1/1","type":"loop","parameters":[{"p0":"firefox"},{"p1":"http://www.agilitest.com/fichiers/test.html"}]} - Subscript init (web.all.domains:19) -> {"called":"web.all.window.ChangeLocation","iteration":"1/1","type":"loop","parameters":[{"p0":"firefox"}]} - Subscript init (web.all.domains:20) -> {"called":"web.all.window.ChangeSize","iteration":"1/1","type":"loop","parameters":[{"p0":"firefox"}]} - Subscript init (web.all.domains:21) -> {"called":"web.all.window.ChangeState","iteration":"1/1","type":"loop","parameters":[{"p0":"firefox"}]} - Subscript init (web.all.domains:22) -> {"called":"web.all.window.Switch","iteration":"1/1","type":"loop","parameters":[{"p0":"firefox"}]} - Subscript init (web.all.exec:0) -> {"called":"web.all.domains","iteration":"2/5","type":"dataFile","url":"C:\\Users\\Agilitest\\Documents\\GitHub\\ats_test_technical\\target\\classes\\assets\\WebParameters.csv","parameters":[{"p0":"msedge"},{"p1":"http://www.agilitest.com/fichiers/test.html"},{"p2":"opera"},{"p3":"https://www.w3schools.com/html/html5_draganddrop.asp"}]} - Subscript init (web.all.domains:0) -> {"called":"web.all.channel.StartChannel","iteration":"1/1","type":"loop","parameters":[{"p0":"msedge"}]} - Subscript init (web.all.domains:1) -> {"called":"web.all.channel.SwitchChannel","iteration":"1/1","type":"loop","parameters":[{"p0":"msedge"},{"p1":"opera"}]}  </system-out>
</testsuite> <!-- web.all.exec -->
