<?xml version="1.0" encoding="UTF-8"?>
<!-- Generated by org.testng.reporters.JUnitReportReporter -->
<testsuite hostname="LAPTOP-0R3VAV1N" failures="0" tests="1" name="mobile.channel.Start" time="14.708" errors="0" timestamp="2020-09-09T14:25:42 CEST" skipped="0">
  <testcase classname="mobile.channel.Start" name="testMain" time="14.708"/>
  <system-out/>
</testsuite> <!-- mobile.channel.Start -->
